  Scanning sources for module dependencies...
  glm.cppm
  Compiling...
  oglrpch.cpp
  glm.cppm
C:\Dev\OpenGL_Renderer\OpenGL_Renderer\src\vendor\glm\glm.cppm(9,18): warning C5201: a module declaration can appear only at the start of a translation unit unless a global module fragment is used
  (compiling source file '/src/vendor/glm/glm.cppm')
  
  Player.cpp
  Camera.cpp
  Shader.cpp
  IndexBuffer.cpp
  Renderer.cpp
  Main.cpp
  glm.cpp
  VertexBuffer.cpp
  VertexArray.cpp
C:\Dev\OpenGL_Renderer\OpenGL_Renderer\src\VertexArray.cpp(26,3): warning C4312: 'type cast': conversion from 'unsigned int' to 'const void *' of greater size
  (compiling source file '/src/VertexArray.cpp')
  
  Texture.cpp
  Generating Code...
glew32s.lib(glew.obj) : warning LNK4099: PDB '' was not found with 'glew32s.lib(glew.obj)' or at ''; linking object as if no debug info
LINK : warning LNK4098: defaultlib 'MSVCRT' conflicts with use of other libs; use /NODEFAULTLIB:library
LINK : warning LNK4098: defaultlib 'LIBCMT' conflicts with use of other libs; use /NODEFAULTLIB:library
  OpenGL_Renderer.vcxproj -> C:\Dev\OpenGL_Renderer\bin\x64-Debug\OpenGL_Renderer\OpenGL_Renderer.exe
